Copyright 1986-2019 Xilinx, Inc. All Rights Reserved.
------------------------------------------------------------------------------------------------------------
| Tool Version : Vivado v.2019.2 (lin64) Build 2708876 Wed Nov  6 21:39:14 MST 2019
| Date         : Wed Apr  8 20:20:48 2020
| Host         : Naboo running 64-bit Arch Linux
| Command      : report_drc -file LAPILU_drc_routed.rpt -pb LAPILU_drc_routed.pb -rpx LAPILU_drc_routed.rpx
| Design       : LAPILU
| Device       : xc7a100tcsg324-1
| Speed File   : -1
| Design State : Fully Routed
------------------------------------------------------------------------------------------------------------

Report DRC

Table of Contents
-----------------
1. REPORT SUMMARY
2. REPORT DETAILS

1. REPORT SUMMARY
-----------------
            Netlist: netlist
          Floorplan: design_1
      Design limits: <entire design considered>
           Ruledeck: default
             Max violations: <unlimited>
             Violations found: 17
+----------+----------+-----------------------------------------------------+------------+
| Rule     | Severity | Description                                         | Violations |
+----------+----------+-----------------------------------------------------+------------+
| CFGBVS-1 | Warning  | Missing CFGBVS and CONFIG_VOLTAGE Design Properties | 1          |
| PDRC-153 | Warning  | Gated clock check                                   | 16         |
+----------+----------+-----------------------------------------------------+------------+

2. REPORT DETAILS
-----------------
CFGBVS-1#1 Warning
Missing CFGBVS and CONFIG_VOLTAGE Design Properties  
Neither the CFGBVS nor CONFIG_VOLTAGE voltage property is set in the current_design.  Configuration bank voltage select (CFGBVS) must be set to VCCO or GND, and CONFIG_VOLTAGE must be set to the correct configuration voltage, in order to determine the I/O voltage support for the pins in bank 0.  It is suggested to specify these either using the 'Edit Device Properties' function in the GUI or directly in the XDC file using the following syntax:

 set_property CFGBVS value1 [current_design]
 #where value1 is either VCCO or GND

 set_property CONFIG_VOLTAGE value2 [current_design]
 #where value2 is the voltage provided to configuration bank 0

Refer to the device configuration user guide for more information.
Related violations: <none>

PDRC-153#1 Warning
Gated clock check  
Net PROGRAM_COUNTER/FOR_TO_GENERATE_FLIP_FLOPS_T[0].FLIP_FLOP_T_i/TEMP_reg_LDC_i_1__14_n_0 is a gated clock net sourced by a combinational pin PROGRAM_COUNTER/FOR_TO_GENERATE_FLIP_FLOPS_T[0].FLIP_FLOP_T_i/TEMP_reg_LDC_i_1__14/O, cell PROGRAM_COUNTER/FOR_TO_GENERATE_FLIP_FLOPS_T[0].FLIP_FLOP_T_i/TEMP_reg_LDC_i_1__14. This is not good design practice and will likely impact performance. For SLICE registers, for example, use the CE pin to control the loading of data.
Related violations: <none>

PDRC-153#2 Warning
Gated clock check  
Net PROGRAM_COUNTER/FOR_TO_GENERATE_FLIP_FLOPS_T[10].FLIP_FLOP_T_i/TEMP_reg_LDC_i_1__4_n_0 is a gated clock net sourced by a combinational pin PROGRAM_COUNTER/FOR_TO_GENERATE_FLIP_FLOPS_T[10].FLIP_FLOP_T_i/TEMP_reg_LDC_i_1__4/O, cell PROGRAM_COUNTER/FOR_TO_GENERATE_FLIP_FLOPS_T[10].FLIP_FLOP_T_i/TEMP_reg_LDC_i_1__4. This is not good design practice and will likely impact performance. For SLICE registers, for example, use the CE pin to control the loading of data.
Related violations: <none>

PDRC-153#3 Warning
Gated clock check  
Net PROGRAM_COUNTER/FOR_TO_GENERATE_FLIP_FLOPS_T[11].FLIP_FLOP_T_i/TEMP_reg_LDC_i_1__3_n_0 is a gated clock net sourced by a combinational pin PROGRAM_COUNTER/FOR_TO_GENERATE_FLIP_FLOPS_T[11].FLIP_FLOP_T_i/TEMP_reg_LDC_i_1__3/O, cell PROGRAM_COUNTER/FOR_TO_GENERATE_FLIP_FLOPS_T[11].FLIP_FLOP_T_i/TEMP_reg_LDC_i_1__3. This is not good design practice and will likely impact performance. For SLICE registers, for example, use the CE pin to control the loading of data.
Related violations: <none>

PDRC-153#4 Warning
Gated clock check  
Net PROGRAM_COUNTER/FOR_TO_GENERATE_FLIP_FLOPS_T[12].FLIP_FLOP_T_i/TEMP_reg_LDC_i_1__2_n_0 is a gated clock net sourced by a combinational pin PROGRAM_COUNTER/FOR_TO_GENERATE_FLIP_FLOPS_T[12].FLIP_FLOP_T_i/TEMP_reg_LDC_i_1__2/O, cell PROGRAM_COUNTER/FOR_TO_GENERATE_FLIP_FLOPS_T[12].FLIP_FLOP_T_i/TEMP_reg_LDC_i_1__2. This is not good design practice and will likely impact performance. For SLICE registers, for example, use the CE pin to control the loading of data.
Related violations: <none>

PDRC-153#5 Warning
Gated clock check  
Net PROGRAM_COUNTER/FOR_TO_GENERATE_FLIP_FLOPS_T[13].FLIP_FLOP_T_i/TEMP_reg_LDC_i_1__1_n_0 is a gated clock net sourced by a combinational pin PROGRAM_COUNTER/FOR_TO_GENERATE_FLIP_FLOPS_T[13].FLIP_FLOP_T_i/TEMP_reg_LDC_i_1__1/O, cell PROGRAM_COUNTER/FOR_TO_GENERATE_FLIP_FLOPS_T[13].FLIP_FLOP_T_i/TEMP_reg_LDC_i_1__1. This is not good design practice and will likely impact performance. For SLICE registers, for example, use the CE pin to control the loading of data.
Related violations: <none>

PDRC-153#6 Warning
Gated clock check  
Net PROGRAM_COUNTER/FOR_TO_GENERATE_FLIP_FLOPS_T[14].FLIP_FLOP_T_i/TEMP_reg_LDC_i_1__0_n_0 is a gated clock net sourced by a combinational pin PROGRAM_COUNTER/FOR_TO_GENERATE_FLIP_FLOPS_T[14].FLIP_FLOP_T_i/TEMP_reg_LDC_i_1__0/O, cell PROGRAM_COUNTER/FOR_TO_GENERATE_FLIP_FLOPS_T[14].FLIP_FLOP_T_i/TEMP_reg_LDC_i_1__0. This is not good design practice and will likely impact performance. For SLICE registers, for example, use the CE pin to control the loading of data.
Related violations: <none>

PDRC-153#7 Warning
Gated clock check  
Net PROGRAM_COUNTER/FOR_TO_GENERATE_FLIP_FLOPS_T[15].FLIP_FLOP_T_i/TEMP_reg_LDC_i_1_n_0 is a gated clock net sourced by a combinational pin PROGRAM_COUNTER/FOR_TO_GENERATE_FLIP_FLOPS_T[15].FLIP_FLOP_T_i/TEMP_reg_LDC_i_1/O, cell PROGRAM_COUNTER/FOR_TO_GENERATE_FLIP_FLOPS_T[15].FLIP_FLOP_T_i/TEMP_reg_LDC_i_1. This is not good design practice and will likely impact performance. For SLICE registers, for example, use the CE pin to control the loading of data.
Related violations: <none>

PDRC-153#8 Warning
Gated clock check  
Net PROGRAM_COUNTER/FOR_TO_GENERATE_FLIP_FLOPS_T[1].FLIP_FLOP_T_i/TEMP_reg_LDC_i_1__13_n_0 is a gated clock net sourced by a combinational pin PROGRAM_COUNTER/FOR_TO_GENERATE_FLIP_FLOPS_T[1].FLIP_FLOP_T_i/TEMP_reg_LDC_i_1__13/O, cell PROGRAM_COUNTER/FOR_TO_GENERATE_FLIP_FLOPS_T[1].FLIP_FLOP_T_i/TEMP_reg_LDC_i_1__13. This is not good design practice and will likely impact performance. For SLICE registers, for example, use the CE pin to control the loading of data.
Related violations: <none>

PDRC-153#9 Warning
Gated clock check  
Net PROGRAM_COUNTER/FOR_TO_GENERATE_FLIP_FLOPS_T[2].FLIP_FLOP_T_i/TEMP_reg_LDC_i_1__12_n_0 is a gated clock net sourced by a combinational pin PROGRAM_COUNTER/FOR_TO_GENERATE_FLIP_FLOPS_T[2].FLIP_FLOP_T_i/TEMP_reg_LDC_i_1__12/O, cell PROGRAM_COUNTER/FOR_TO_GENERATE_FLIP_FLOPS_T[2].FLIP_FLOP_T_i/TEMP_reg_LDC_i_1__12. This is not good design practice and will likely impact performance. For SLICE registers, for example, use the CE pin to control the loading of data.
Related violations: <none>

PDRC-153#10 Warning
Gated clock check  
Net PROGRAM_COUNTER/FOR_TO_GENERATE_FLIP_FLOPS_T[3].FLIP_FLOP_T_i/TEMP_reg_LDC_i_1__11_n_0 is a gated clock net sourced by a combinational pin PROGRAM_COUNTER/FOR_TO_GENERATE_FLIP_FLOPS_T[3].FLIP_FLOP_T_i/TEMP_reg_LDC_i_1__11/O, cell PROGRAM_COUNTER/FOR_TO_GENERATE_FLIP_FLOPS_T[3].FLIP_FLOP_T_i/TEMP_reg_LDC_i_1__11. This is not good design practice and will likely impact performance. For SLICE registers, for example, use the CE pin to control the loading of data.
Related violations: <none>

PDRC-153#11 Warning
Gated clock check  
Net PROGRAM_COUNTER/FOR_TO_GENERATE_FLIP_FLOPS_T[4].FLIP_FLOP_T_i/TEMP_reg_LDC_i_1__10_n_0 is a gated clock net sourced by a combinational pin PROGRAM_COUNTER/FOR_TO_GENERATE_FLIP_FLOPS_T[4].FLIP_FLOP_T_i/TEMP_reg_LDC_i_1__10/O, cell PROGRAM_COUNTER/FOR_TO_GENERATE_FLIP_FLOPS_T[4].FLIP_FLOP_T_i/TEMP_reg_LDC_i_1__10. This is not good design practice and will likely impact performance. For SLICE registers, for example, use the CE pin to control the loading of data.
Related violations: <none>

PDRC-153#12 Warning
Gated clock check  
Net PROGRAM_COUNTER/FOR_TO_GENERATE_FLIP_FLOPS_T[5].FLIP_FLOP_T_i/TEMP_reg_LDC_i_1__9_n_0 is a gated clock net sourced by a combinational pin PROGRAM_COUNTER/FOR_TO_GENERATE_FLIP_FLOPS_T[5].FLIP_FLOP_T_i/TEMP_reg_LDC_i_1__9/O, cell PROGRAM_COUNTER/FOR_TO_GENERATE_FLIP_FLOPS_T[5].FLIP_FLOP_T_i/TEMP_reg_LDC_i_1__9. This is not good design practice and will likely impact performance. For SLICE registers, for example, use the CE pin to control the loading of data.
Related violations: <none>

PDRC-153#13 Warning
Gated clock check  
Net PROGRAM_COUNTER/FOR_TO_GENERATE_FLIP_FLOPS_T[6].FLIP_FLOP_T_i/TEMP_reg_LDC_i_1__8_n_0 is a gated clock net sourced by a combinational pin PROGRAM_COUNTER/FOR_TO_GENERATE_FLIP_FLOPS_T[6].FLIP_FLOP_T_i/TEMP_reg_LDC_i_1__8/O, cell PROGRAM_COUNTER/FOR_TO_GENERATE_FLIP_FLOPS_T[6].FLIP_FLOP_T_i/TEMP_reg_LDC_i_1__8. This is not good design practice and will likely impact performance. For SLICE registers, for example, use the CE pin to control the loading of data.
Related violations: <none>

PDRC-153#14 Warning
Gated clock check  
Net PROGRAM_COUNTER/FOR_TO_GENERATE_FLIP_FLOPS_T[7].FLIP_FLOP_T_i/TEMP_reg_LDC_i_1__7_n_0 is a gated clock net sourced by a combinational pin PROGRAM_COUNTER/FOR_TO_GENERATE_FLIP_FLOPS_T[7].FLIP_FLOP_T_i/TEMP_reg_LDC_i_1__7/O, cell PROGRAM_COUNTER/FOR_TO_GENERATE_FLIP_FLOPS_T[7].FLIP_FLOP_T_i/TEMP_reg_LDC_i_1__7. This is not good design practice and will likely impact performance. For SLICE registers, for example, use the CE pin to control the loading of data.
Related violations: <none>

PDRC-153#15 Warning
Gated clock check  
Net PROGRAM_COUNTER/FOR_TO_GENERATE_FLIP_FLOPS_T[8].FLIP_FLOP_T_i/TEMP_reg_LDC_i_1__6_n_0 is a gated clock net sourced by a combinational pin PROGRAM_COUNTER/FOR_TO_GENERATE_FLIP_FLOPS_T[8].FLIP_FLOP_T_i/TEMP_reg_LDC_i_1__6/O, cell PROGRAM_COUNTER/FOR_TO_GENERATE_FLIP_FLOPS_T[8].FLIP_FLOP_T_i/TEMP_reg_LDC_i_1__6. This is not good design practice and will likely impact performance. For SLICE registers, for example, use the CE pin to control the loading of data.
Related violations: <none>

PDRC-153#16 Warning
Gated clock check  
Net PROGRAM_COUNTER/FOR_TO_GENERATE_FLIP_FLOPS_T[9].FLIP_FLOP_T_i/TEMP_reg_LDC_i_1__5_n_0 is a gated clock net sourced by a combinational pin PROGRAM_COUNTER/FOR_TO_GENERATE_FLIP_FLOPS_T[9].FLIP_FLOP_T_i/TEMP_reg_LDC_i_1__5/O, cell PROGRAM_COUNTER/FOR_TO_GENERATE_FLIP_FLOPS_T[9].FLIP_FLOP_T_i/TEMP_reg_LDC_i_1__5. This is not good design practice and will likely impact performance. For SLICE registers, for example, use the CE pin to control the loading of data.
Related violations: <none>


